
Apr  1 18:15 [n1_Cam_A_120213_O.fits]: 
   4101.77        1.   -3.5612     3.561 -0.278635     4.707     6.448
  (0.03223) (     0.) (0.05278) (0.05278) (0.00237) ( 0.4393) ( 0.4125)
    4088.9        1. -0.404974     0.405  -0.06538     5.819        0.
  (     0.) (     0.) (0.01559) (0.01559) (0.00277) ( 0.1717) (     0.)
    4116.4        1. -0.225521    0.2255 -0.041111     5.153        0.
  (     0.) (     0.) (0.01947) (0.01947) (0.00368) ( 0.4748) (     0.)
    4120.8        1. -0.382279    0.3823 -0.062194     5.774        0.
  (     0.) (     0.) (0.01873) (0.01873) (0.00311) ( 0.3565) (     0.)

Apr  1 18:15 [n1_Cam_B_120213_O.fits]: 
  4101.767 0.9999999  -4.57791     4.578 -0.388646   0.03091     7.499
  ( 0.0293) (     0.) (0.03447) (0.03447) (0.00243) (0.00873) (0.07529)
    4088.9        1. -0.211493    0.2115 -0.080003     2.483        0.
  (     0.) (     0.) (0.01091) (0.01091) (0.00327) ( 0.1275) (     0.)
    4116.4        1. -0.237161    0.2372 -0.040493     5.502        0.
  (     0.) (     0.) (0.02052) (0.02052) (0.00231) ( 0.5069) (     0.)
    4120.8        1. -0.320798    0.3208 -0.108827     2.769        0.
  (     0.) (     0.) ( 0.0167) ( 0.0167) (0.00404) ( 0.1165) (     0.)

Apr  1 18:15 [n1_Cas_091111_O.fits]: 
  4101.928        1.  -3.77688     3.777 -0.351358   0.02359     6.843
  (0.03125) (     0.) (0.02891) (0.02891) (0.00251) (0.00552) (0.08139)
    4088.9        1.  -0.24919    0.2492 -0.070431     3.324        0.
  (     0.) (     0.) (0.01227) (0.01227) (0.00322) ( 0.1502) (     0.)
    4116.4        1. -0.171544    0.1715 -0.027772     5.803        0.
  (     0.) (     0.) (0.01934) (0.01934) (0.00244) ( 0.7307) (     0.)
    4120.8        1. -0.400573    0.4006 -0.119921     3.138        0.
  (     0.) (     0.) (0.01572) (0.01572) (0.00406) (0.09993) (     0.)

Apr  1 18:15 [n22_Sco_120504_L.fits]: 
  4101.768        1.  -7.38065     7.381 -0.471752     1.891     9.707
  (0.02588) (     0.) (0.06857) (0.06857) (0.00263) ( 0.6064) ( 0.2292)
    4088.9        1. 0.0141668  -0.01417 0.0032676     4.073        0.
  (     0.) (     0.) (0.01658) (0.01658) (0.00279) (  4.352) (     0.)
    4116.4        1.  0.128124   -0.1281 0.0237571     5.066        0.
  (     0.) (     0.) (0.01717) (0.01717) (0.00293) ( 0.7344) (     0.)
    4120.8        1. -0.143397    0.1434 -0.040329      3.34        0.
  (     0.) (     0.) (0.01543) (0.01543) (0.00341) ( 0.3547) (     0.)

Apr  1 18:15 [n26_Cep_110617_O.fits]: 
  4101.807        1.  -2.60202     2.602 -0.273719    0.1195      6.05
  (0.03662) (     0.) (0.02898) (0.02898) ( 0.0025) ( 0.3796) ( 0.1273)
    4088.9        1. -0.482438    0.4824 -0.114641     3.953        0.
  (     0.) (     0.) (0.01211) (0.01211) (0.00271) (0.07972) (     0.)
    4116.4        1. -0.329333    0.3293 -0.081037     3.818        0.
  (     0.) (     0.) ( 0.0161) ( 0.0161) (0.00247) ( 0.1622) (     0.)
    4120.8        1. -0.358692    0.3587 -0.093796     3.593        0.
  (     0.) (     0.) (0.01373) (0.01373) (0.00328) ( 0.1316) (     0.)

Apr  1 18:15 [n29_CMa_090418_L.fits]: 
  4100.871        1.  -2.00571     2.006 -0.235866     7.964   0.02652
  (0.03564) (     0.) (0.02965) (0.02965) (0.00232) ( 0.1614) ( 0.2492)
    4088.9        1. -0.162704    0.1627 -0.051991      2.94        0.
  (     0.) (     0.) (0.01247) (0.01247) (0.00382) ( 0.2239) (     0.)
    4116.4        1. -0.026143   0.02614 -0.008119     3.025        0.
  (     0.) (     0.) (0.01552) (0.01552) (0.00369) (   2.31) (     0.)
    4120.8        1. -0.050906   0.05091  -0.01659     2.883        0.
  (     0.) (     0.) ( 0.0142) ( 0.0142) (0.00364) ( 0.9102) (     0.)

Apr  1 18:15 [n29_CMa_101025_L.fits]: 
  4101.068        1.  -2.16694     2.167 -0.234167     8.652   0.04357
  (0.04102) (     0.) (0.02908) (0.02908) (0.00226) ( 0.1926) ( 0.2562)
    4088.9        1. -0.161798    0.1618 -0.059996     2.534        0.
  (     0.) (     0.) (0.00947) (0.00947) (0.00391) ( 0.1693) (     0.)
    4116.4        1. 0.0367253  -0.03673  0.001522     22.67        0.
  (     0.) (     0.) (0.05132) (0.05132) (0.00112) (  40.12) (     0.)
    4120.8        1. -0.034553   0.03455 -0.015306     2.121        0.
  (     0.) (     0.) (0.01181) (0.01181) (0.00421) ( 0.8389) (     0.)

Apr  1 18:15 [n29_CMa_110324_L.fits]: 
  4100.781        1.  -2.35975      2.36 -0.264779     8.281   0.09745
  (0.03223) (     0.) (0.03446) (0.03446) ( 0.0022) ( 0.1605) ( 0.2402)
    4088.9        1. -0.227456    0.2275 -0.089236     2.395        0.
  (     0.) (     0.) (0.01259) (0.01259) (0.00435) ( 0.1408) (     0.)
    4116.4        1. -0.049668   0.04967    -0.024     1.944        0.
  (     0.) (     0.) (  0.011) (  0.011) (0.00478) ( 0.4396) (     0.)
    4120.8        1. -0.062133   0.06213 -0.026608     2.194        0.
  (     0.) (     0.) (0.01053) (0.01053) (0.00452) ( 0.4779) (     0.)

Apr  1 18:15 [n29_CMa_110417_L.fits]: 
  4100.906        1.    -2.014     2.014 -0.232543     8.111   0.02653
  (0.04102) (     0.) (0.03215) (0.03215) (0.00222) ( 0.1988) ( 0.2669)
    4088.9        1. -0.228971     0.229  -0.06019     3.574        0.
  (     0.) (     0.) (0.01388) (0.01388) (0.00359) ( 0.2207) (     0.)
    4116.4        1.  -0.05374   0.05374 -0.016353     3.087        0.
  (     0.) (     0.) (0.01606) (0.01606) (0.00403) (  1.037) (     0.)
    4120.8        1. -0.037927   0.03793 -0.007491     4.756        0.
  (     0.) (     0.) (0.01676) (0.01676) (0.00333) (  2.503) (     0.)

Apr  1 18:15 [n29_Per_091030_O.fits]: 
  4101.782        1.  -8.62676     8.627 -0.527072   0.03559     10.42
  (0.02344) (     0.) ( 0.0421) ( 0.0421) (0.00207) (0.00414) (0.06909)
    4088.9        1.  0.039639  -0.03964 0.0023635     15.76        0.
  (     0.) (     0.) (0.03972) (0.03972) (0.00156) (  15.51) (     0.)
    4116.4        1. 0.0782989   -0.0783 0.0013892     52.95        0.
  (     0.) (     0.) ( 0.3204) ( 0.3204) (0.00105) (  201.3) (     0.)
    4120.8        1. -0.166193    0.1662 -0.045104     3.462        0.
  (     0.) (     0.) (0.01438) (0.01438) (0.00304) ( 0.3179) (     0.)

Apr  1 18:15 [n2_Cyg_100427_O.fits]: 
  4101.651        1.  -6.57178     6.572 -0.474564     1.362     8.667
  (0.02393) (     0.) (0.05554) (0.05554) (0.00249) (  0.634) ( 0.1796)
    4088.9        1. -0.531349    0.5313 -8.780E-4     568.6        0.
  (     0.) (     0.) (  50.12) (  50.12) (6.66E-4) ( 60217.) (     0.)
    4116.4        1.  0.292412   -0.2924 0.0210305     13.06        0.
  (     0.) (     0.) (0.03259) (0.03259) (0.00197) (  1.542) (     0.)
    4120.8        1.  -0.18027    0.1803 -0.055069     3.075        0.
  (     0.) (     0.) (0.01203) (0.01203) (0.00347) ( 0.2231) (     0.)
